{"C:\\Users\\andri\\Documents\\Final-Project\\server\\app.js": {"path":"C:\\Users\\andri\\Documents\\Final-Project\\server\\app.js","statementMap":{"0":{"start":{"line":1,"column":0},"end":{"line":3,"column":1}},"1":{"start":{"line":2,"column":4},"end":{"line":2,"column":30}},"2":{"start":{"line":5,"column":16},"end":{"line":5,"column":34}},"3":{"start":{"line":6,"column":12},"end":{"line":6,"column":21}},"4":{"start":{"line":7,"column":13},"end":{"line":7,"column":29}},"5":{"start":{"line":8,"column":13},"end":{"line":8,"column":28}},"6":{"start":{"line":9,"column":15},"end":{"line":9,"column":34}},"7":{"start":{"line":10,"column":21},"end":{"line":10,"column":58}},"8":{"start":{"line":12,"column":0},"end":{"line":12,"column":44}},"9":{"start":{"line":13,"column":0},"end":{"line":13,"column":23}},"10":{"start":{"line":14,"column":0},"end":{"line":14,"column":15}},"11":{"start":{"line":16,"column":0},"end":{"line":16,"column":15}},"12":{"start":{"line":17,"column":0},"end":{"line":17,"column":21}},"13":{"start":{"line":19,"column":0},"end":{"line":19,"column":20}}},"fnMap":{},"branchMap":{"0":{"loc":{"start":{"line":1,"column":0},"end":{"line":3,"column":1}},"type":"if","locations":[{"start":{"line":1,"column":0},"end":{"line":3,"column":1}},{"start":{"line":1,"column":0},"end":{"line":3,"column":1}}],"line":1}},"s":{"0":1,"1":1,"2":1,"3":1,"4":1,"5":1,"6":1,"7":1,"8":1,"9":1,"10":1,"11":1,"12":1,"13":1},"f":{},"b":{"0":[1,0]},"_coverageSchema":"1a1c01bbd47fc00a2c39e90264f33305004495a9","hash":"8229d70e7934a745855a1bbf94e5cb4b24210c14"}
,"C:\\Users\\andri\\Documents\\Final-Project\\server\\controllers\\Student.js": {"path":"C:\\Users\\andri\\Documents\\Final-Project\\server\\controllers\\Student.js","statementMap":{"0":{"start":{"line":1,"column":51},"end":{"line":1,"column":71}},"1":{"start":{"line":2,"column":12},"end":{"line":2,"column":35}},"2":{"start":{"line":3,"column":17},"end":{"line":3,"column":36}},"3":{"start":{"line":4,"column":20},"end":{"line":4,"column":42}},"4":{"start":{"line":5,"column":22},"end":{"line":5,"column":57}},"5":{"start":{"line":6,"column":17},"end":{"line":6,"column":47}},"6":{"start":{"line":10,"column":24},"end":{"line":10,"column":39}},"7":{"start":{"line":11,"column":62},"end":{"line":11,"column":70}},"8":{"start":{"line":12,"column":8},"end":{"line":23,"column":10}},"9":{"start":{"line":16,"column":12},"end":{"line":19,"column":14}},"10":{"start":{"line":22,"column":12},"end":{"line":22,"column":21}},"11":{"start":{"line":27,"column":36},"end":{"line":27,"column":44}},"12":{"start":{"line":29,"column":8},"end":{"line":55,"column":10}},"13":{"start":{"line":33,"column":12},"end":{"line":51,"column":13}},"14":{"start":{"line":34,"column":16},"end":{"line":34,"column":66}},"15":{"start":{"line":36,"column":38},"end":{"line":36,"column":86}},"16":{"start":{"line":38,"column":16},"end":{"line":40,"column":17}},"17":{"start":{"line":39,"column":20},"end":{"line":39,"column":70}},"18":{"start":{"line":41,"column":37},"end":{"line":44,"column":42}},"19":{"start":{"line":46,"column":16},"end":{"line":50,"column":18}},"20":{"start":{"line":54,"column":12},"end":{"line":54,"column":21}},"21":{"start":{"line":59,"column":30},"end":{"line":59,"column":38}},"22":{"start":{"line":60,"column":8},"end":{"line":70,"column":10}},"23":{"start":{"line":66,"column":12},"end":{"line":66,"column":43}},"24":{"start":{"line":69,"column":12},"end":{"line":69,"column":21}},"25":{"start":{"line":74,"column":29},"end":{"line":74,"column":39}},"26":{"start":{"line":75,"column":8},"end":{"line":85,"column":10}},"27":{"start":{"line":81,"column":12},"end":{"line":81,"column":40}},"28":{"start":{"line":84,"column":12},"end":{"line":84,"column":21}},"29":{"start":{"line":89,"column":29},"end":{"line":89,"column":39}},"30":{"start":{"line":90,"column":8},"end":{"line":100,"column":10}},"31":{"start":{"line":96,"column":12},"end":{"line":96,"column":38}},"32":{"start":{"line":99,"column":12},"end":{"line":99,"column":21}},"33":{"start":{"line":105,"column":27},"end":{"line":105,"column":37}},"34":{"start":{"line":106,"column":8},"end":{"line":116,"column":10}},"35":{"start":{"line":112,"column":12},"end":{"line":112,"column":39}},"36":{"start":{"line":115,"column":12},"end":{"line":115,"column":21}},"37":{"start":{"line":121,"column":30},"end":{"line":121,"column":40}},"38":{"start":{"line":122,"column":8},"end":{"line":132,"column":10}},"39":{"start":{"line":128,"column":12},"end":{"line":128,"column":40}},"40":{"start":{"line":131,"column":12},"end":{"line":131,"column":21}},"41":{"start":{"line":136,"column":31},"end":{"line":136,"column":41}},"42":{"start":{"line":137,"column":22},"end":{"line":137,"column":42}},"43":{"start":{"line":138,"column":38},"end":{"line":138,"column":46}},"44":{"start":{"line":140,"column":8},"end":{"line":148,"column":10}},"45":{"start":{"line":144,"column":12},"end":{"line":144,"column":34}},"46":{"start":{"line":147,"column":12},"end":{"line":147,"column":21}},"47":{"start":{"line":153,"column":0},"end":{"line":153,"column":34}}},"fnMap":{"0":{"name":"(anonymous_0)","decl":{"start":{"line":9,"column":4},"end":{"line":9,"column":5}},"loc":{"start":{"line":9,"column":36},"end":{"line":24,"column":5}},"line":9},"1":{"name":"(anonymous_1)","decl":{"start":{"line":15,"column":14},"end":{"line":15,"column":15}},"loc":{"start":{"line":15,"column":25},"end":{"line":20,"column":9}},"line":15},"2":{"name":"(anonymous_2)","decl":{"start":{"line":21,"column":15},"end":{"line":21,"column":16}},"loc":{"start":{"line":21,"column":22},"end":{"line":23,"column":9}},"line":21},"3":{"name":"(anonymous_3)","decl":{"start":{"line":26,"column":4},"end":{"line":26,"column":5}},"loc":{"start":{"line":26,"column":33},"end":{"line":56,"column":5}},"line":26},"4":{"name":"(anonymous_4)","decl":{"start":{"line":32,"column":14},"end":{"line":32,"column":15}},"loc":{"start":{"line":32,"column":25},"end":{"line":52,"column":9}},"line":32},"5":{"name":"(anonymous_5)","decl":{"start":{"line":53,"column":15},"end":{"line":53,"column":16}},"loc":{"start":{"line":53,"column":22},"end":{"line":55,"column":9}},"line":53},"6":{"name":"(anonymous_6)","decl":{"start":{"line":58,"column":4},"end":{"line":58,"column":5}},"loc":{"start":{"line":58,"column":38},"end":{"line":71,"column":5}},"line":58},"7":{"name":"(anonymous_7)","decl":{"start":{"line":65,"column":14},"end":{"line":65,"column":15}},"loc":{"start":{"line":65,"column":25},"end":{"line":67,"column":9}},"line":65},"8":{"name":"(anonymous_8)","decl":{"start":{"line":68,"column":15},"end":{"line":68,"column":16}},"loc":{"start":{"line":68,"column":22},"end":{"line":70,"column":9}},"line":68},"9":{"name":"(anonymous_9)","decl":{"start":{"line":73,"column":4},"end":{"line":73,"column":5}},"loc":{"start":{"line":73,"column":37},"end":{"line":86,"column":5}},"line":73},"10":{"name":"(anonymous_10)","decl":{"start":{"line":80,"column":14},"end":{"line":80,"column":15}},"loc":{"start":{"line":80,"column":24},"end":{"line":82,"column":9}},"line":80},"11":{"name":"(anonymous_11)","decl":{"start":{"line":83,"column":15},"end":{"line":83,"column":16}},"loc":{"start":{"line":83,"column":21},"end":{"line":85,"column":9}},"line":83},"12":{"name":"(anonymous_12)","decl":{"start":{"line":88,"column":4},"end":{"line":88,"column":5}},"loc":{"start":{"line":88,"column":35},"end":{"line":102,"column":5}},"line":88},"13":{"name":"(anonymous_13)","decl":{"start":{"line":95,"column":14},"end":{"line":95,"column":15}},"loc":{"start":{"line":95,"column":22},"end":{"line":97,"column":9}},"line":95},"14":{"name":"(anonymous_14)","decl":{"start":{"line":98,"column":15},"end":{"line":98,"column":16}},"loc":{"start":{"line":98,"column":22},"end":{"line":100,"column":9}},"line":98},"15":{"name":"(anonymous_15)","decl":{"start":{"line":104,"column":4},"end":{"line":104,"column":5}},"loc":{"start":{"line":104,"column":39},"end":{"line":118,"column":5}},"line":104},"16":{"name":"(anonymous_16)","decl":{"start":{"line":111,"column":14},"end":{"line":111,"column":15}},"loc":{"start":{"line":111,"column":23},"end":{"line":113,"column":9}},"line":111},"17":{"name":"(anonymous_17)","decl":{"start":{"line":114,"column":15},"end":{"line":114,"column":16}},"loc":{"start":{"line":114,"column":22},"end":{"line":116,"column":9}},"line":114},"18":{"name":"(anonymous_18)","decl":{"start":{"line":120,"column":4},"end":{"line":120,"column":5}},"loc":{"start":{"line":120,"column":36},"end":{"line":133,"column":5}},"line":120},"19":{"name":"(anonymous_19)","decl":{"start":{"line":127,"column":14},"end":{"line":127,"column":15}},"loc":{"start":{"line":127,"column":24},"end":{"line":129,"column":9}},"line":127},"20":{"name":"(anonymous_20)","decl":{"start":{"line":130,"column":15},"end":{"line":130,"column":16}},"loc":{"start":{"line":130,"column":22},"end":{"line":132,"column":9}},"line":130},"21":{"name":"(anonymous_21)","decl":{"start":{"line":135,"column":4},"end":{"line":135,"column":5}},"loc":{"start":{"line":135,"column":34},"end":{"line":149,"column":5}},"line":135},"22":{"name":"(anonymous_22)","decl":{"start":{"line":143,"column":14},"end":{"line":143,"column":15}},"loc":{"start":{"line":143,"column":23},"end":{"line":145,"column":9}},"line":143},"23":{"name":"(anonymous_23)","decl":{"start":{"line":146,"column":15},"end":{"line":146,"column":16}},"loc":{"start":{"line":146,"column":22},"end":{"line":148,"column":9}},"line":146}},"branchMap":{"0":{"loc":{"start":{"line":33,"column":12},"end":{"line":51,"column":13}},"type":"if","locations":[{"start":{"line":33,"column":12},"end":{"line":51,"column":13}},{"start":{"line":33,"column":12},"end":{"line":51,"column":13}}],"line":33},"1":{"loc":{"start":{"line":38,"column":16},"end":{"line":40,"column":17}},"type":"if","locations":[{"start":{"line":38,"column":16},"end":{"line":40,"column":17}},{"start":{"line":38,"column":16},"end":{"line":40,"column":17}}],"line":38}},"s":{"0":1,"1":1,"2":1,"3":1,"4":1,"5":1,"6":7,"7":7,"8":7,"9":1,"10":6,"11":1,"12":1,"13":1,"14":0,"15":1,"16":1,"17":0,"18":1,"19":1,"20":0,"21":0,"22":0,"23":0,"24":0,"25":0,"26":0,"27":0,"28":0,"29":0,"30":0,"31":0,"32":0,"33":0,"34":0,"35":0,"36":0,"37":0,"38":0,"39":0,"40":0,"41":0,"42":0,"43":0,"44":0,"45":0,"46":0,"47":1},"f":{"0":7,"1":1,"2":6,"3":1,"4":1,"5":0,"6":0,"7":0,"8":0,"9":0,"10":0,"11":0,"12":0,"13":0,"14":0,"15":0,"16":0,"17":0,"18":0,"19":0,"20":0,"21":0,"22":0,"23":0},"b":{"0":[0,1],"1":[0,1]},"_coverageSchema":"1a1c01bbd47fc00a2c39e90264f33305004495a9","hash":"d289918ff1eaeb208531d942e30770b2c8f2af90"}
,"C:\\Users\\andri\\Documents\\Final-Project\\server\\controllers\\Teacher.js": {"path":"C:\\Users\\andri\\Documents\\Final-Project\\server\\controllers\\Teacher.js","statementMap":{"0":{"start":{"line":1,"column":52},"end":{"line":1,"column":73}},"1":{"start":{"line":2,"column":17},"end":{"line":2,"column":37}},"2":{"start":{"line":3,"column":12},"end":{"line":3,"column":36}},"3":{"start":{"line":7,"column":68},"end":{"line":7,"column":76}},"4":{"start":{"line":8,"column":8},"end":{"line":22,"column":14}},"5":{"start":{"line":18,"column":16},"end":{"line":18,"column":49}},"6":{"start":{"line":21,"column":16},"end":{"line":21,"column":26}},"7":{"start":{"line":26,"column":36},"end":{"line":26,"column":44}},"8":{"start":{"line":27,"column":8},"end":{"line":56,"column":14}},"9":{"start":{"line":34,"column":16},"end":{"line":34,"column":33}},"10":{"start":{"line":35,"column":16},"end":{"line":52,"column":17}},"11":{"start":{"line":36,"column":20},"end":{"line":38,"column":21}},"12":{"start":{"line":40,"column":45},"end":{"line":40,"column":90}},"13":{"start":{"line":41,"column":20},"end":{"line":51,"column":21}},"14":{"start":{"line":42,"column":45},"end":{"line":45,"column":36}},"15":{"start":{"line":46,"column":24},"end":{"line":46,"column":62}},"16":{"start":{"line":48,"column":24},"end":{"line":50,"column":25}},"17":{"start":{"line":55,"column":16},"end":{"line":55,"column":25}},"18":{"start":{"line":60,"column":29},"end":{"line":60,"column":37}},"19":{"start":{"line":61,"column":8},"end":{"line":71,"column":14}},"20":{"start":{"line":67,"column":16},"end":{"line":67,"column":42}},"21":{"start":{"line":70,"column":16},"end":{"line":70,"column":25}},"22":{"start":{"line":75,"column":48},"end":{"line":75,"column":56}},"23":{"start":{"line":76,"column":8},"end":{"line":87,"column":14}},"24":{"start":{"line":83,"column":16},"end":{"line":83,"column":42}},"25":{"start":{"line":86,"column":16},"end":{"line":86,"column":25}},"26":{"start":{"line":91,"column":36},"end":{"line":91,"column":44}},"27":{"start":{"line":92,"column":8},"end":{"line":102,"column":14}},"28":{"start":{"line":98,"column":16},"end":{"line":98,"column":42}},"29":{"start":{"line":101,"column":16},"end":{"line":101,"column":25}},"30":{"start":{"line":107,"column":55},"end":{"line":107,"column":63}},"31":{"start":{"line":108,"column":8},"end":{"line":119,"column":10}},"32":{"start":{"line":115,"column":12},"end":{"line":115,"column":38}},"33":{"start":{"line":118,"column":12},"end":{"line":118,"column":21}},"34":{"start":{"line":123,"column":23},"end":{"line":123,"column":33}},"35":{"start":{"line":124,"column":8},"end":{"line":133,"column":14}},"36":{"start":{"line":129,"column":16},"end":{"line":129,"column":42}},"37":{"start":{"line":132,"column":16},"end":{"line":132,"column":25}},"38":{"start":{"line":137,"column":47},"end":{"line":137,"column":55}},"39":{"start":{"line":138,"column":23},"end":{"line":138,"column":33}},"40":{"start":{"line":139,"column":8},"end":{"line":151,"column":14}},"41":{"start":{"line":148,"column":16},"end":{"line":150,"column":18}},"42":{"start":{"line":155,"column":8},"end":{"line":166,"column":14}},"43":{"start":{"line":162,"column":16},"end":{"line":162,"column":42}},"44":{"start":{"line":165,"column":16},"end":{"line":165,"column":26}},"45":{"start":{"line":172,"column":0},"end":{"line":172,"column":34}}},"fnMap":{"0":{"name":"(anonymous_0)","decl":{"start":{"line":6,"column":4},"end":{"line":6,"column":5}},"loc":{"start":{"line":6,"column":45},"end":{"line":23,"column":5}},"line":6},"1":{"name":"(anonymous_1)","decl":{"start":{"line":17,"column":18},"end":{"line":17,"column":19}},"loc":{"start":{"line":17,"column":29},"end":{"line":19,"column":13}},"line":17},"2":{"name":"(anonymous_2)","decl":{"start":{"line":20,"column":20},"end":{"line":20,"column":21}},"loc":{"start":{"line":20,"column":27},"end":{"line":22,"column":13}},"line":20},"3":{"name":"(anonymous_3)","decl":{"start":{"line":25,"column":4},"end":{"line":25,"column":5}},"loc":{"start":{"line":25,"column":40},"end":{"line":57,"column":5}},"line":25},"4":{"name":"(anonymous_4)","decl":{"start":{"line":33,"column":18},"end":{"line":33,"column":19}},"loc":{"start":{"line":33,"column":26},"end":{"line":53,"column":13}},"line":33},"5":{"name":"(anonymous_5)","decl":{"start":{"line":54,"column":20},"end":{"line":54,"column":21}},"loc":{"start":{"line":54,"column":27},"end":{"line":56,"column":13}},"line":54},"6":{"name":"(anonymous_6)","decl":{"start":{"line":59,"column":4},"end":{"line":59,"column":5}},"loc":{"start":{"line":59,"column":40},"end":{"line":72,"column":5}},"line":59},"7":{"name":"(anonymous_7)","decl":{"start":{"line":66,"column":19},"end":{"line":66,"column":20}},"loc":{"start":{"line":66,"column":27},"end":{"line":68,"column":13}},"line":66},"8":{"name":"(anonymous_8)","decl":{"start":{"line":69,"column":20},"end":{"line":69,"column":21}},"loc":{"start":{"line":69,"column":27},"end":{"line":71,"column":13}},"line":69},"9":{"name":"(anonymous_9)","decl":{"start":{"line":74,"column":4},"end":{"line":74,"column":5}},"loc":{"start":{"line":74,"column":40},"end":{"line":88,"column":5}},"line":74},"10":{"name":"(anonymous_10)","decl":{"start":{"line":82,"column":18},"end":{"line":82,"column":19}},"loc":{"start":{"line":82,"column":26},"end":{"line":84,"column":13}},"line":82},"11":{"name":"(anonymous_11)","decl":{"start":{"line":85,"column":20},"end":{"line":85,"column":21}},"loc":{"start":{"line":85,"column":27},"end":{"line":87,"column":13}},"line":85},"12":{"name":"(anonymous_12)","decl":{"start":{"line":90,"column":4},"end":{"line":90,"column":5}},"loc":{"start":{"line":90,"column":38},"end":{"line":104,"column":5}},"line":90},"13":{"name":"(anonymous_13)","decl":{"start":{"line":97,"column":18},"end":{"line":97,"column":19}},"loc":{"start":{"line":97,"column":26},"end":{"line":99,"column":13}},"line":97},"14":{"name":"(anonymous_14)","decl":{"start":{"line":100,"column":20},"end":{"line":100,"column":21}},"loc":{"start":{"line":100,"column":27},"end":{"line":102,"column":13}},"line":100},"15":{"name":"(anonymous_15)","decl":{"start":{"line":106,"column":4},"end":{"line":106,"column":5}},"loc":{"start":{"line":106,"column":44},"end":{"line":120,"column":5}},"line":106},"16":{"name":"(anonymous_16)","decl":{"start":{"line":114,"column":14},"end":{"line":114,"column":15}},"loc":{"start":{"line":114,"column":22},"end":{"line":116,"column":9}},"line":114},"17":{"name":"(anonymous_17)","decl":{"start":{"line":117,"column":16},"end":{"line":117,"column":17}},"loc":{"start":{"line":117,"column":23},"end":{"line":119,"column":9}},"line":117},"18":{"name":"(anonymous_18)","decl":{"start":{"line":122,"column":4},"end":{"line":122,"column":5}},"loc":{"start":{"line":122,"column":39},"end":{"line":134,"column":5}},"line":122},"19":{"name":"(anonymous_19)","decl":{"start":{"line":128,"column":18},"end":{"line":128,"column":19}},"loc":{"start":{"line":128,"column":33},"end":{"line":130,"column":13}},"line":128},"20":{"name":"(anonymous_20)","decl":{"start":{"line":131,"column":20},"end":{"line":131,"column":21}},"loc":{"start":{"line":131,"column":27},"end":{"line":133,"column":13}},"line":131},"21":{"name":"(anonymous_21)","decl":{"start":{"line":136,"column":4},"end":{"line":136,"column":5}},"loc":{"start":{"line":136,"column":42},"end":{"line":152,"column":5}},"line":136},"22":{"name":"(anonymous_22)","decl":{"start":{"line":147,"column":18},"end":{"line":147,"column":19}},"loc":{"start":{"line":147,"column":23},"end":{"line":151,"column":13}},"line":147},"23":{"name":"(anonymous_23)","decl":{"start":{"line":154,"column":4},"end":{"line":154,"column":5}},"loc":{"start":{"line":154,"column":39},"end":{"line":167,"column":5}},"line":154},"24":{"name":"(anonymous_24)","decl":{"start":{"line":161,"column":18},"end":{"line":161,"column":19}},"loc":{"start":{"line":161,"column":33},"end":{"line":163,"column":13}},"line":161},"25":{"name":"(anonymous_25)","decl":{"start":{"line":164,"column":20},"end":{"line":164,"column":21}},"loc":{"start":{"line":164,"column":27},"end":{"line":166,"column":13}},"line":164}},"branchMap":{"0":{"loc":{"start":{"line":35,"column":16},"end":{"line":52,"column":17}},"type":"if","locations":[{"start":{"line":35,"column":16},"end":{"line":52,"column":17}},{"start":{"line":35,"column":16},"end":{"line":52,"column":17}}],"line":35},"1":{"loc":{"start":{"line":41,"column":20},"end":{"line":51,"column":21}},"type":"if","locations":[{"start":{"line":41,"column":20},"end":{"line":51,"column":21}},{"start":{"line":41,"column":20},"end":{"line":51,"column":21}}],"line":41}},"s":{"0":1,"1":1,"2":1,"3":0,"4":0,"5":0,"6":0,"7":0,"8":0,"9":0,"10":0,"11":0,"12":0,"13":0,"14":0,"15":0,"16":0,"17":0,"18":0,"19":0,"20":0,"21":0,"22":0,"23":0,"24":0,"25":0,"26":0,"27":0,"28":0,"29":0,"30":0,"31":0,"32":0,"33":0,"34":0,"35":0,"36":0,"37":0,"38":0,"39":0,"40":0,"41":0,"42":0,"43":0,"44":0,"45":1},"f":{"0":0,"1":0,"2":0,"3":0,"4":0,"5":0,"6":0,"7":0,"8":0,"9":0,"10":0,"11":0,"12":0,"13":0,"14":0,"15":0,"16":0,"17":0,"18":0,"19":0,"20":0,"21":0,"22":0,"23":0,"24":0,"25":0},"b":{"0":[0,0],"1":[0,0]},"_coverageSchema":"1a1c01bbd47fc00a2c39e90264f33305004495a9","hash":"08ec72b06fe2d8fc4128465fd75e2fb39747642d"}
,"C:\\Users\\andri\\Documents\\Final-Project\\server\\helpers\\generateToken.js": {"path":"C:\\Users\\andri\\Documents\\Final-Project\\server\\helpers\\generateToken.js","statementMap":{"0":{"start":{"line":1,"column":12},"end":{"line":1,"column":35}},"1":{"start":{"line":3,"column":0},"end":{"line":6,"column":1}},"2":{"start":{"line":4,"column":18},"end":{"line":4,"column":60}},"3":{"start":{"line":5,"column":8},"end":{"line":5,"column":23}}},"fnMap":{"0":{"name":"generateToken","decl":{"start":{"line":3,"column":26},"end":{"line":3,"column":39}},"loc":{"start":{"line":3,"column":47},"end":{"line":6,"column":1}},"line":3}},"branchMap":{},"s":{"0":1,"1":1,"2":0,"3":0},"f":{"0":0},"b":{},"_coverageSchema":"1a1c01bbd47fc00a2c39e90264f33305004495a9","hash":"edab2b8636e0f9fa1049ef6f781f09c3c0c74755"}
,"C:\\Users\\andri\\Documents\\Final-Project\\server\\helpers\\getScore.js": {"path":"C:\\Users\\andri\\Documents\\Final-Project\\server\\helpers\\getScore.js","statementMap":{"0":{"start":{"line":1,"column":21},"end":{"line":1,"column":41}},"1":{"start":{"line":3,"column":0},"end":{"line":11,"column":1}},"2":{"start":{"line":4,"column":4},"end":{"line":10,"column":6}},"3":{"start":{"line":6,"column":8},"end":{"line":8,"column":9}},"4":{"start":{"line":7,"column":12},"end":{"line":7,"column":20}},"5":{"start":{"line":9,"column":8},"end":{"line":9,"column":16}}},"fnMap":{"0":{"name":"getScore","decl":{"start":{"line":3,"column":26},"end":{"line":3,"column":34}},"loc":{"start":{"line":3,"column":62},"end":{"line":11,"column":1}},"line":3},"1":{"name":"(anonymous_1)","decl":{"start":{"line":5,"column":10},"end":{"line":5,"column":11}},"loc":{"start":{"line":5,"column":22},"end":{"line":10,"column":5}},"line":5}},"branchMap":{"0":{"loc":{"start":{"line":6,"column":8},"end":{"line":8,"column":9}},"type":"if","locations":[{"start":{"line":6,"column":8},"end":{"line":8,"column":9}},{"start":{"line":6,"column":8},"end":{"line":8,"column":9}}],"line":6}},"s":{"0":1,"1":1,"2":0,"3":0,"4":0,"5":0},"f":{"0":0,"1":0},"b":{"0":[0,0]},"_coverageSchema":"1a1c01bbd47fc00a2c39e90264f33305004495a9","hash":"6e9418243340ccc933445184b559dac4386840af"}
,"C:\\Users\\andri\\Documents\\Final-Project\\server\\middlewares\\checkTokenRegisterStudent.js": {"path":"C:\\Users\\andri\\Documents\\Final-Project\\server\\middlewares\\checkTokenRegisterStudent.js","statementMap":{"0":{"start":{"line":1,"column":12},"end":{"line":1,"column":35}},"1":{"start":{"line":2,"column":20},"end":{"line":2,"column":40}},"2":{"start":{"line":3,"column":20},"end":{"line":3,"column":42}},"3":{"start":{"line":5,"column":0},"end":{"line":20,"column":1}},"4":{"start":{"line":6,"column":18},"end":{"line":6,"column":34}},"5":{"start":{"line":7,"column":21},"end":{"line":7,"column":63}},"6":{"start":{"line":8,"column":4},"end":{"line":19,"column":6}},"7":{"start":{"line":10,"column":8},"end":{"line":15,"column":9}},"8":{"start":{"line":11,"column":12},"end":{"line":11,"column":49}},"9":{"start":{"line":13,"column":12},"end":{"line":13,"column":35}},"10":{"start":{"line":14,"column":12},"end":{"line":14,"column":18}},"11":{"start":{"line":18,"column":8},"end":{"line":18,"column":17}}},"fnMap":{"0":{"name":"checkTokenRegisterStudent","decl":{"start":{"line":5,"column":26},"end":{"line":5,"column":51}},"loc":{"start":{"line":5,"column":68},"end":{"line":20,"column":1}},"line":5},"1":{"name":"(anonymous_1)","decl":{"start":{"line":9,"column":10},"end":{"line":9,"column":11}},"loc":{"start":{"line":9,"column":21},"end":{"line":16,"column":5}},"line":9},"2":{"name":"(anonymous_2)","decl":{"start":{"line":17,"column":11},"end":{"line":17,"column":12}},"loc":{"start":{"line":17,"column":18},"end":{"line":19,"column":5}},"line":17}},"branchMap":{"0":{"loc":{"start":{"line":10,"column":8},"end":{"line":15,"column":9}},"type":"if","locations":[{"start":{"line":10,"column":8},"end":{"line":15,"column":9}},{"start":{"line":10,"column":8},"end":{"line":15,"column":9}}],"line":10}},"s":{"0":1,"1":1,"2":1,"3":1,"4":7,"5":7,"6":7,"7":7,"8":0,"9":7,"10":7,"11":0},"f":{"0":7,"1":7,"2":0},"b":{"0":[0,7]},"_coverageSchema":"1a1c01bbd47fc00a2c39e90264f33305004495a9","hash":"93c6afa808fcb8784efe92308d3b3e345ba24fc6"}
,"C:\\Users\\andri\\Documents\\Final-Project\\server\\middlewares\\errorHandler.js": {"path":"C:\\Users\\andri\\Documents\\Final-Project\\server\\middlewares\\errorHandler.js","statementMap":{"0":{"start":{"line":1,"column":0},"end":{"line":34,"column":1}},"1":{"start":{"line":2,"column":4},"end":{"line":2,"column":20}},"2":{"start":{"line":3,"column":21},"end":{"line":3,"column":24}},"3":{"start":{"line":4,"column":18},"end":{"line":4,"column":42}},"4":{"start":{"line":5,"column":4},"end":{"line":31,"column":5}},"5":{"start":{"line":7,"column":12},"end":{"line":7,"column":28}},"6":{"start":{"line":8,"column":12},"end":{"line":8,"column":43}},"7":{"start":{"line":9,"column":12},"end":{"line":9,"column":18}},"8":{"start":{"line":11,"column":12},"end":{"line":11,"column":28}},"9":{"start":{"line":12,"column":12},"end":{"line":12,"column":48}},"10":{"start":{"line":13,"column":12},"end":{"line":13,"column":18}},"11":{"start":{"line":15,"column":12},"end":{"line":15,"column":28}},"12":{"start":{"line":16,"column":12},"end":{"line":16,"column":46}},"13":{"start":{"line":17,"column":12},"end":{"line":17,"column":18}},"14":{"start":{"line":23,"column":12},"end":{"line":23,"column":39}},"15":{"start":{"line":24,"column":12},"end":{"line":24,"column":33}},"16":{"start":{"line":25,"column":12},"end":{"line":25,"column":18}},"17":{"start":{"line":28,"column":12},"end":{"line":28,"column":22}},"18":{"start":{"line":29,"column":12},"end":{"line":29,"column":19}},"19":{"start":{"line":30,"column":12},"end":{"line":30,"column":18}},"20":{"start":{"line":33,"column":4},"end":{"line":33,"column":42}}},"fnMap":{"0":{"name":"errorHandler","decl":{"start":{"line":1,"column":26},"end":{"line":1,"column":38}},"loc":{"start":{"line":1,"column":60},"end":{"line":34,"column":1}},"line":1}},"branchMap":{"0":{"loc":{"start":{"line":5,"column":4},"end":{"line":31,"column":5}},"type":"switch","locations":[{"start":{"line":6,"column":8},"end":{"line":9,"column":18}},{"start":{"line":10,"column":8},"end":{"line":13,"column":18}},{"start":{"line":14,"column":8},"end":{"line":17,"column":18}},{"start":{"line":18,"column":8},"end":{"line":18,"column":29}},{"start":{"line":19,"column":8},"end":{"line":19,"column":30}},{"start":{"line":20,"column":8},"end":{"line":20,"column":33}},{"start":{"line":21,"column":8},"end":{"line":21,"column":31}},{"start":{"line":22,"column":8},"end":{"line":25,"column":18}},{"start":{"line":27,"column":8},"end":{"line":30,"column":18}}],"line":5}},"s":{"0":1,"1":6,"2":6,"3":6,"4":6,"5":5,"6":5,"7":5,"8":1,"9":1,"10":1,"11":0,"12":0,"13":0,"14":0,"15":0,"16":0,"17":0,"18":0,"19":0,"20":6},"f":{"0":6},"b":{"0":[5,1,0,0,0,0,0,0,0]},"_coverageSchema":"1a1c01bbd47fc00a2c39e90264f33305004495a9","hash":"8f3c8c11f7853ed59da93b9b783e332da002e1f6"}
,"C:\\Users\\andri\\Documents\\Final-Project\\server\\models\\course.js": {"path":"C:\\Users\\andri\\Documents\\Final-Project\\server\\models\\course.js","statementMap":{"0":{"start":{"line":4,"column":4},"end":{"line":4,"column":24}},"1":{"start":{"line":5,"column":0},"end":{"line":25,"column":2}},"2":{"start":{"line":16,"column":2},"end":{"line":23,"column":5}},"3":{"start":{"line":24,"column":2},"end":{"line":24,"column":16}}},"fnMap":{"0":{"name":"(anonymous_0)","decl":{"start":{"line":5,"column":17},"end":{"line":5,"column":18}},"loc":{"start":{"line":5,"column":43},"end":{"line":25,"column":1}},"line":5},"1":{"name":"(anonymous_1)","decl":{"start":{"line":12,"column":4},"end":{"line":12,"column":5}},"loc":{"start":{"line":12,"column":29},"end":{"line":14,"column":5}},"line":12}},"branchMap":{},"s":{"0":1,"1":1,"2":1,"3":1},"f":{"0":1,"1":1},"b":{},"_coverageSchema":"1a1c01bbd47fc00a2c39e90264f33305004495a9","hash":"e1276fa9d02d867b4fc051608647c02abaf912c9"}
,"C:\\Users\\andri\\Documents\\Final-Project\\server\\models\\index.js": {"path":"C:\\Users\\andri\\Documents\\Final-Project\\server\\models\\index.js","statementMap":{"0":{"start":{"line":3,"column":11},"end":{"line":3,"column":24}},"1":{"start":{"line":4,"column":13},"end":{"line":4,"column":28}},"2":{"start":{"line":5,"column":18},"end":{"line":5,"column":38}},"3":{"start":{"line":6,"column":17},"end":{"line":6,"column":42}},"4":{"start":{"line":7,"column":12},"end":{"line":7,"column":49}},"5":{"start":{"line":8,"column":15},"end":{"line":8,"column":65}},"6":{"start":{"line":9,"column":11},"end":{"line":9,"column":13}},"7":{"start":{"line":12,"column":0},"end":{"line":16,"column":1}},"8":{"start":{"line":13,"column":2},"end":{"line":13,"column":74}},"9":{"start":{"line":15,"column":2},"end":{"line":15,"column":87}},"10":{"start":{"line":18,"column":0},"end":{"line":26,"column":5}},"11":{"start":{"line":21,"column":4},"end":{"line":21,"column":90}},"12":{"start":{"line":24,"column":18},"end":{"line":24,"column":85}},"13":{"start":{"line":25,"column":4},"end":{"line":25,"column":27}},"14":{"start":{"line":28,"column":0},"end":{"line":32,"column":3}},"15":{"start":{"line":29,"column":2},"end":{"line":31,"column":3}},"16":{"start":{"line":30,"column":4},"end":{"line":30,"column":32}},"17":{"start":{"line":34,"column":0},"end":{"line":34,"column":25}},"18":{"start":{"line":35,"column":0},"end":{"line":35,"column":25}},"19":{"start":{"line":37,"column":0},"end":{"line":37,"column":20}}},"fnMap":{"0":{"name":"(anonymous_0)","decl":{"start":{"line":20,"column":10},"end":{"line":20,"column":11}},"loc":{"start":{"line":20,"column":18},"end":{"line":22,"column":3}},"line":20},"1":{"name":"(anonymous_1)","decl":{"start":{"line":23,"column":11},"end":{"line":23,"column":12}},"loc":{"start":{"line":23,"column":19},"end":{"line":26,"column":3}},"line":23},"2":{"name":"(anonymous_2)","decl":{"start":{"line":28,"column":24},"end":{"line":28,"column":25}},"loc":{"start":{"line":28,"column":37},"end":{"line":32,"column":1}},"line":28}},"branchMap":{"0":{"loc":{"start":{"line":7,"column":12},"end":{"line":7,"column":49}},"type":"binary-expr","locations":[{"start":{"line":7,"column":12},"end":{"line":7,"column":32}},{"start":{"line":7,"column":36},"end":{"line":7,"column":49}}],"line":7},"1":{"loc":{"start":{"line":12,"column":0},"end":{"line":16,"column":1}},"type":"if","locations":[{"start":{"line":12,"column":0},"end":{"line":16,"column":1}},{"start":{"line":12,"column":0},"end":{"line":16,"column":1}}],"line":12},"2":{"loc":{"start":{"line":21,"column":11},"end":{"line":21,"column":89}},"type":"binary-expr","locations":[{"start":{"line":21,"column":12},"end":{"line":21,"column":35}},{"start":{"line":21,"column":41},"end":{"line":21,"column":58}},{"start":{"line":21,"column":64},"end":{"line":21,"column":88}}],"line":21},"3":{"loc":{"start":{"line":29,"column":2},"end":{"line":31,"column":3}},"type":"if","locations":[{"start":{"line":29,"column":2},"end":{"line":31,"column":3}},{"start":{"line":29,"column":2},"end":{"line":31,"column":3}}],"line":29}},"s":{"0":1,"1":1,"2":1,"3":1,"4":1,"5":1,"6":1,"7":1,"8":0,"9":1,"10":1,"11":8,"12":7,"13":7,"14":1,"15":7,"16":7,"17":1,"18":1,"19":1},"f":{"0":8,"1":7,"2":7},"b":{"0":[1,0],"1":[0,1],"2":[8,8,7],"3":[7,0]},"_coverageSchema":"1a1c01bbd47fc00a2c39e90264f33305004495a9","hash":"18175abb191b51ab3fd112de45d8c1bc46267c4c"}
,"C:\\Users\\andri\\Documents\\Final-Project\\server\\models\\lesson.js": {"path":"C:\\Users\\andri\\Documents\\Final-Project\\server\\models\\lesson.js","statementMap":{"0":{"start":{"line":4,"column":4},"end":{"line":4,"column":24}},"1":{"start":{"line":5,"column":0},"end":{"line":24,"column":2}},"2":{"start":{"line":16,"column":2},"end":{"line":22,"column":5}},"3":{"start":{"line":23,"column":2},"end":{"line":23,"column":16}}},"fnMap":{"0":{"name":"(anonymous_0)","decl":{"start":{"line":5,"column":17},"end":{"line":5,"column":18}},"loc":{"start":{"line":5,"column":43},"end":{"line":24,"column":1}},"line":5},"1":{"name":"(anonymous_1)","decl":{"start":{"line":12,"column":4},"end":{"line":12,"column":5}},"loc":{"start":{"line":12,"column":29},"end":{"line":14,"column":5}},"line":12}},"branchMap":{},"s":{"0":1,"1":1,"2":1,"3":1},"f":{"0":1,"1":1},"b":{},"_coverageSchema":"1a1c01bbd47fc00a2c39e90264f33305004495a9","hash":"1c7b0cae7d8d6ac988d06b96843e78f097eac11f"}
,"C:\\Users\\andri\\Documents\\Final-Project\\server\\models\\question.js": {"path":"C:\\Users\\andri\\Documents\\Final-Project\\server\\models\\question.js","statementMap":{"0":{"start":{"line":4,"column":4},"end":{"line":4,"column":24}},"1":{"start":{"line":5,"column":0},"end":{"line":26,"column":2}},"2":{"start":{"line":16,"column":2},"end":{"line":24,"column":5}},"3":{"start":{"line":25,"column":2},"end":{"line":25,"column":18}}},"fnMap":{"0":{"name":"(anonymous_0)","decl":{"start":{"line":5,"column":17},"end":{"line":5,"column":18}},"loc":{"start":{"line":5,"column":43},"end":{"line":26,"column":1}},"line":5},"1":{"name":"(anonymous_1)","decl":{"start":{"line":12,"column":4},"end":{"line":12,"column":5}},"loc":{"start":{"line":12,"column":29},"end":{"line":14,"column":5}},"line":12}},"branchMap":{},"s":{"0":1,"1":1,"2":1,"3":1},"f":{"0":1,"1":1},"b":{},"_coverageSchema":"1a1c01bbd47fc00a2c39e90264f33305004495a9","hash":"665b611c778d97a6c7a8cdc0f3d31e331d6a0f63"}
,"C:\\Users\\andri\\Documents\\Final-Project\\server\\models\\quiz.js": {"path":"C:\\Users\\andri\\Documents\\Final-Project\\server\\models\\quiz.js","statementMap":{"0":{"start":{"line":4,"column":4},"end":{"line":4,"column":24}},"1":{"start":{"line":5,"column":0},"end":{"line":24,"column":2}},"2":{"start":{"line":16,"column":2},"end":{"line":22,"column":5}},"3":{"start":{"line":23,"column":2},"end":{"line":23,"column":14}}},"fnMap":{"0":{"name":"(anonymous_0)","decl":{"start":{"line":5,"column":17},"end":{"line":5,"column":18}},"loc":{"start":{"line":5,"column":43},"end":{"line":24,"column":1}},"line":5},"1":{"name":"(anonymous_1)","decl":{"start":{"line":12,"column":4},"end":{"line":12,"column":5}},"loc":{"start":{"line":12,"column":29},"end":{"line":14,"column":5}},"line":12}},"branchMap":{},"s":{"0":1,"1":1,"2":1,"3":1},"f":{"0":1,"1":1},"b":{},"_coverageSchema":"1a1c01bbd47fc00a2c39e90264f33305004495a9","hash":"8849fa4d3443586abe240538de44007fa26bf7f6"}
,"C:\\Users\\andri\\Documents\\Final-Project\\server\\models\\score.js": {"path":"C:\\Users\\andri\\Documents\\Final-Project\\server\\models\\score.js","statementMap":{"0":{"start":{"line":4,"column":4},"end":{"line":4,"column":24}},"1":{"start":{"line":5,"column":19},"end":{"line":5,"column":52}},"2":{"start":{"line":6,"column":0},"end":{"line":28,"column":2}},"3":{"start":{"line":17,"column":2},"end":{"line":26,"column":5}},"4":{"start":{"line":27,"column":2},"end":{"line":27,"column":15}}},"fnMap":{"0":{"name":"(anonymous_0)","decl":{"start":{"line":6,"column":17},"end":{"line":6,"column":18}},"loc":{"start":{"line":6,"column":43},"end":{"line":28,"column":1}},"line":6},"1":{"name":"(anonymous_1)","decl":{"start":{"line":13,"column":4},"end":{"line":13,"column":5}},"loc":{"start":{"line":13,"column":29},"end":{"line":15,"column":5}},"line":13}},"branchMap":{},"s":{"0":1,"1":1,"2":1,"3":1,"4":1},"f":{"0":1,"1":1},"b":{},"_coverageSchema":"1a1c01bbd47fc00a2c39e90264f33305004495a9","hash":"c07d18b223025bcd625ad5e6ba8ee9183eb459ff"}
,"C:\\Users\\andri\\Documents\\Final-Project\\server\\models\\student.js": {"path":"C:\\Users\\andri\\Documents\\Final-Project\\server\\models\\student.js","statementMap":{"0":{"start":{"line":2,"column":17},"end":{"line":2,"column":36}},"1":{"start":{"line":5,"column":4},"end":{"line":5,"column":24}},"2":{"start":{"line":6,"column":0},"end":{"line":108,"column":2}},"3":{"start":{"line":15,"column":6},"end":{"line":15,"column":39}},"4":{"start":{"line":18,"column":2},"end":{"line":106,"column":5}},"5":{"start":{"line":96,"column":19},"end":{"line":96,"column":43}},"6":{"start":{"line":97,"column":19},"end":{"line":97,"column":60}},"7":{"start":{"line":98,"column":8},"end":{"line":98,"column":31}},"8":{"start":{"line":101,"column":8},"end":{"line":103,"column":9}},"9":{"start":{"line":102,"column":10},"end":{"line":102,"column":34}},"10":{"start":{"line":107,"column":2},"end":{"line":107,"column":17}}},"fnMap":{"0":{"name":"(anonymous_0)","decl":{"start":{"line":6,"column":17},"end":{"line":6,"column":18}},"loc":{"start":{"line":6,"column":43},"end":{"line":108,"column":1}},"line":6},"1":{"name":"(anonymous_1)","decl":{"start":{"line":13,"column":4},"end":{"line":13,"column":5}},"loc":{"start":{"line":13,"column":29},"end":{"line":16,"column":5}},"line":13},"2":{"name":"(anonymous_2)","decl":{"start":{"line":95,"column":6},"end":{"line":95,"column":7}},"loc":{"start":{"line":95,"column":27},"end":{"line":99,"column":7}},"line":95},"3":{"name":"(anonymous_3)","decl":{"start":{"line":100,"column":6},"end":{"line":100,"column":7}},"loc":{"start":{"line":100,"column":29},"end":{"line":104,"column":7}},"line":100}},"branchMap":{"0":{"loc":{"start":{"line":101,"column":8},"end":{"line":103,"column":9}},"type":"if","locations":[{"start":{"line":101,"column":8},"end":{"line":103,"column":9}},{"start":{"line":101,"column":8},"end":{"line":103,"column":9}}],"line":101},"1":{"loc":{"start":{"line":101,"column":12},"end":{"line":101,"column":54}},"type":"binary-expr","locations":[{"start":{"line":101,"column":12},"end":{"line":101,"column":32}},{"start":{"line":101,"column":36},"end":{"line":101,"column":54}}],"line":101}},"s":{"0":1,"1":1,"2":1,"3":1,"4":1,"5":3,"6":3,"7":3,"8":8,"9":8,"10":1},"f":{"0":1,"1":1,"2":3,"3":8},"b":{"0":[8,0],"1":[8,0]},"_coverageSchema":"1a1c01bbd47fc00a2c39e90264f33305004495a9","hash":"d2039ffe4a364dc2286b78fa9989fff3faae3979"}
,"C:\\Users\\andri\\Documents\\Final-Project\\server\\models\\teacher.js": {"path":"C:\\Users\\andri\\Documents\\Final-Project\\server\\models\\teacher.js","statementMap":{"0":{"start":{"line":2,"column":17},"end":{"line":2,"column":36}},"1":{"start":{"line":5,"column":4},"end":{"line":5,"column":24}},"2":{"start":{"line":6,"column":0},"end":{"line":107,"column":2}},"3":{"start":{"line":15,"column":6},"end":{"line":15,"column":37}},"4":{"start":{"line":18,"column":2},"end":{"line":105,"column":5}},"5":{"start":{"line":95,"column":19},"end":{"line":95,"column":43}},"6":{"start":{"line":96,"column":19},"end":{"line":96,"column":60}},"7":{"start":{"line":97,"column":8},"end":{"line":97,"column":31}},"8":{"start":{"line":100,"column":8},"end":{"line":102,"column":9}},"9":{"start":{"line":101,"column":10},"end":{"line":101,"column":34}},"10":{"start":{"line":106,"column":2},"end":{"line":106,"column":17}}},"fnMap":{"0":{"name":"(anonymous_0)","decl":{"start":{"line":6,"column":17},"end":{"line":6,"column":18}},"loc":{"start":{"line":6,"column":43},"end":{"line":107,"column":1}},"line":6},"1":{"name":"(anonymous_1)","decl":{"start":{"line":13,"column":4},"end":{"line":13,"column":5}},"loc":{"start":{"line":13,"column":29},"end":{"line":16,"column":5}},"line":13},"2":{"name":"(anonymous_2)","decl":{"start":{"line":94,"column":6},"end":{"line":94,"column":7}},"loc":{"start":{"line":94,"column":27},"end":{"line":98,"column":7}},"line":94},"3":{"name":"(anonymous_3)","decl":{"start":{"line":99,"column":6},"end":{"line":99,"column":7}},"loc":{"start":{"line":99,"column":29},"end":{"line":103,"column":7}},"line":99}},"branchMap":{"0":{"loc":{"start":{"line":100,"column":8},"end":{"line":102,"column":9}},"type":"if","locations":[{"start":{"line":100,"column":8},"end":{"line":102,"column":9}},{"start":{"line":100,"column":8},"end":{"line":102,"column":9}}],"line":100},"1":{"loc":{"start":{"line":100,"column":12},"end":{"line":100,"column":54}},"type":"binary-expr","locations":[{"start":{"line":100,"column":12},"end":{"line":100,"column":32}},{"start":{"line":100,"column":36},"end":{"line":100,"column":54}}],"line":100}},"s":{"0":1,"1":1,"2":1,"3":1,"4":1,"5":0,"6":0,"7":0,"8":0,"9":0,"10":1},"f":{"0":1,"1":1,"2":0,"3":0},"b":{"0":[0,0],"1":[0,0]},"_coverageSchema":"1a1c01bbd47fc00a2c39e90264f33305004495a9","hash":"bc296a185bd74d9555c04f1a953eebeb552e0a5e"}
,"C:\\Users\\andri\\Documents\\Final-Project\\server\\routes\\index.js": {"path":"C:\\Users\\andri\\Documents\\Final-Project\\server\\routes\\index.js","statementMap":{"0":{"start":{"line":1,"column":14},"end":{"line":1,"column":41}},"1":{"start":{"line":2,"column":26},"end":{"line":2,"column":59}},"2":{"start":{"line":3,"column":26},"end":{"line":3,"column":59}},"3":{"start":{"line":4,"column":16},"end":{"line":4,"column":44}},"4":{"start":{"line":5,"column":34},"end":{"line":5,"column":85}},"5":{"start":{"line":7,"column":0},"end":{"line":7,"column":86}},"6":{"start":{"line":8,"column":0},"end":{"line":8,"column":45}},"7":{"start":{"line":9,"column":0},"end":{"line":9,"column":51}},"8":{"start":{"line":10,"column":0},"end":{"line":10,"column":60}},"9":{"start":{"line":11,"column":0},"end":{"line":11,"column":55}},"10":{"start":{"line":12,"column":0},"end":{"line":12,"column":62}},"11":{"start":{"line":13,"column":0},"end":{"line":13,"column":59}},"12":{"start":{"line":14,"column":0},"end":{"line":14,"column":59}},"13":{"start":{"line":16,"column":0},"end":{"line":16,"column":66}},"14":{"start":{"line":17,"column":0},"end":{"line":17,"column":60}},"15":{"start":{"line":18,"column":0},"end":{"line":18,"column":61}},"16":{"start":{"line":19,"column":0},"end":{"line":19,"column":61}},"17":{"start":{"line":20,"column":0},"end":{"line":20,"column":57}},"18":{"start":{"line":21,"column":0},"end":{"line":21,"column":65}},"19":{"start":{"line":25,"column":0},"end":{"line":25,"column":22}}},"fnMap":{},"branchMap":{},"s":{"0":1,"1":1,"2":1,"3":1,"4":1,"5":1,"6":1,"7":1,"8":1,"9":1,"10":1,"11":1,"12":1,"13":1,"14":1,"15":1,"16":1,"17":1,"18":1,"19":1},"f":{},"b":{},"_coverageSchema":"1a1c01bbd47fc00a2c39e90264f33305004495a9","hash":"563b94e070073a1e17c1bab06648d2dba582fe0d"}
}
