TN:
SF:app.js
FNF:0
FNH:0
DA:1,1
DA:2,1
DA:5,1
DA:6,1
DA:7,1
DA:8,1
DA:9,1
DA:10,1
DA:12,1
DA:13,1
DA:14,1
DA:16,1
DA:17,1
DA:19,1
LF:14
LH:14
BRDA:1,0,0,1
BRDA:1,0,1,0
BRF:2
BRH:1
end_of_record
TN:
SF:controllers\Student.js
FN:9,(anonymous_0)
FN:15,(anonymous_1)
FN:21,(anonymous_2)
FN:26,(anonymous_3)
FN:32,(anonymous_4)
FN:53,(anonymous_5)
FN:58,(anonymous_6)
FN:65,(anonymous_7)
FN:68,(anonymous_8)
FN:73,(anonymous_9)
FN:80,(anonymous_10)
FN:83,(anonymous_11)
FN:88,(anonymous_12)
FN:95,(anonymous_13)
FN:98,(anonymous_14)
FN:104,(anonymous_15)
FN:111,(anonymous_16)
FN:114,(anonymous_17)
FN:120,(anonymous_18)
FN:127,(anonymous_19)
FN:130,(anonymous_20)
FN:135,(anonymous_21)
FN:143,(anonymous_22)
FN:146,(anonymous_23)
FNF:24
FNH:5
FNDA:7,(anonymous_0)
FNDA:1,(anonymous_1)
FNDA:6,(anonymous_2)
FNDA:1,(anonymous_3)
FNDA:1,(anonymous_4)
FNDA:0,(anonymous_5)
FNDA:0,(anonymous_6)
FNDA:0,(anonymous_7)
FNDA:0,(anonymous_8)
FNDA:0,(anonymous_9)
FNDA:0,(anonymous_10)
FNDA:0,(anonymous_11)
FNDA:0,(anonymous_12)
FNDA:0,(anonymous_13)
FNDA:0,(anonymous_14)
FNDA:0,(anonymous_15)
FNDA:0,(anonymous_16)
FNDA:0,(anonymous_17)
FNDA:0,(anonymous_18)
FNDA:0,(anonymous_19)
FNDA:0,(anonymous_20)
FNDA:0,(anonymous_21)
FNDA:0,(anonymous_22)
FNDA:0,(anonymous_23)
DA:1,1
DA:2,1
DA:3,1
DA:4,1
DA:5,1
DA:6,1
DA:10,7
DA:11,7
DA:12,7
DA:16,1
DA:22,6
DA:27,1
DA:29,1
DA:33,1
DA:34,0
DA:36,1
DA:38,1
DA:39,0
DA:41,1
DA:46,1
DA:54,0
DA:59,0
DA:60,0
DA:66,0
DA:69,0
DA:74,0
DA:75,0
DA:81,0
DA:84,0
DA:89,0
DA:90,0
DA:96,0
DA:99,0
DA:105,0
DA:106,0
DA:112,0
DA:115,0
DA:121,0
DA:122,0
DA:128,0
DA:131,0
DA:136,0
DA:137,0
DA:138,0
DA:140,0
DA:144,0
DA:147,0
DA:153,1
LF:48
LH:19
BRDA:33,0,0,0
BRDA:33,0,1,1
BRDA:38,1,0,0
BRDA:38,1,1,1
BRF:4
BRH:2
end_of_record
TN:
SF:controllers\Teacher.js
FN:6,(anonymous_0)
FN:17,(anonymous_1)
FN:20,(anonymous_2)
FN:25,(anonymous_3)
FN:33,(anonymous_4)
FN:53,(anonymous_5)
FN:59,(anonymous_6)
FN:66,(anonymous_7)
FN:69,(anonymous_8)
FN:74,(anonymous_9)
FN:82,(anonymous_10)
FN:85,(anonymous_11)
FN:90,(anonymous_12)
FN:97,(anonymous_13)
FN:100,(anonymous_14)
FN:106,(anonymous_15)
FN:114,(anonymous_16)
FN:117,(anonymous_17)
FN:122,(anonymous_18)
FN:128,(anonymous_19)
FN:131,(anonymous_20)
FN:136,(anonymous_21)
FN:147,(anonymous_22)
FN:154,(anonymous_23)
FN:161,(anonymous_24)
FN:164,(anonymous_25)
FNF:26
FNH:18
FNDA:7,(anonymous_0)
FNDA:1,(anonymous_1)
FNDA:6,(anonymous_2)
FNDA:2,(anonymous_3)
FNDA:2,(anonymous_4)
FNDA:1,(anonymous_5)
FNDA:2,(anonymous_6)
FNDA:1,(anonymous_7)
FNDA:1,(anonymous_8)
FNDA:3,(anonymous_9)
FNDA:1,(anonymous_10)
FNDA:2,(anonymous_11)
FNDA:2,(anonymous_12)
FNDA:1,(anonymous_13)
FNDA:1,(anonymous_14)
FNDA:4,(anonymous_15)
FNDA:1,(anonymous_16)
FNDA:3,(anonymous_17)
FNDA:0,(anonymous_18)
FNDA:0,(anonymous_19)
FNDA:0,(anonymous_20)
FNDA:0,(anonymous_21)
FNDA:0,(anonymous_22)
FNDA:0,(anonymous_23)
FNDA:0,(anonymous_24)
FNDA:0,(anonymous_25)
DA:1,1
DA:2,1
DA:3,1
DA:7,7
DA:8,7
DA:18,1
DA:21,6
DA:26,2
DA:27,2
DA:34,2
DA:35,1
DA:39,1
DA:40,1
DA:41,1
DA:45,1
DA:47,0
DA:54,1
DA:55,1
DA:60,2
DA:61,2
DA:67,1
DA:70,1
DA:75,3
DA:76,3
DA:83,1
DA:86,2
DA:91,2
DA:92,2
DA:98,1
DA:101,1
DA:107,4
DA:108,4
DA:115,1
DA:118,3
DA:123,0
DA:124,0
DA:129,0
DA:132,0
DA:137,0
DA:138,0
DA:139,0
DA:148,0
DA:155,0
DA:162,0
DA:165,0
DA:172,1
LF:46
LH:34
BRDA:34,0,0,1
BRDA:34,0,1,1
BRDA:40,1,0,1
BRDA:40,1,1,0
BRF:4
BRH:3
end_of_record
TN:
SF:helpers\generateToken.js
FN:3,generateToken
FNF:1
FNH:1
FNDA:14,errorHandler
DA:1,1
DA:2,14
DA:3,14
DA:4,14
DA:5,14
DA:7,12
DA:8,12
DA:9,12
DA:11,1
DA:12,1
DA:13,1
DA:15,0
DA:16,0
DA:17,0
DA:20,1
DA:21,1
DA:22,1
DA:26,0
DA:27,0
DA:28,0
DA:31,0
DA:32,0
DA:33,0
DA:36,14
LF:24
LH:15
BRDA:5,0,0,12
BRDA:5,0,1,1
BRDA:5,0,2,0
BRDA:5,0,3,0
BRDA:5,0,4,1
BRDA:5,0,5,0
BRDA:5,0,6,0
BRDA:5,0,7,0
BRDA:5,0,8,0
BRF:9
BRH:3
end_of_record
TN:
SF:models\course.js
FN:5,(anonymous_0)
FN:12,(anonymous_1)
FNF:2
FNH:2
FNDA:1,(anonymous_0)
FNDA:1,(anonymous_1)
DA:4,1
DA:5,1
DA:16,1
DA:40,1
LF:4
LH:4
BRF:0
BRH:0
end_of_record
TN:
SF:models\index.js
FN:20,(anonymous_0)
FN:23,(anonymous_1)
FN:28,(anonymous_2)
FNF:3
FNH:3
FNDA:8,(anonymous_0)
FNDA:7,(anonymous_1)
FNDA:7,(anonymous_2)
DA:3,1
DA:4,1
DA:5,1
DA:6,1
DA:7,1
DA:8,1
DA:9,1
DA:12,1
DA:13,0
DA:15,1
DA:18,1
DA:21,8
DA:24,7
DA:25,7
DA:28,1
DA:29,7
DA:30,7
DA:34,1
DA:35,1
DA:37,1
LF:20
LH:19
BRDA:7,0,0,1
BRDA:7,0,1,0
BRDA:12,1,0,0
BRDA:12,1,1,1
BRDA:21,2,0,8
BRDA:21,2,1,8
BRDA:21,2,2,7
BRDA:29,3,0,7
BRDA:29,3,1,0
BRF:9
BRH:6
end_of_record
TN:
SF:models\lesson.js
FN:5,(anonymous_0)
FN:12,(anonymous_1)
FNF:2
FNH:2
FNDA:1,(anonymous_0)
FNDA:1,(anonymous_1)
DA:4,1
DA:5,1
DA:16,1
DA:31,1
LF:4
LH:4
BRF:0
BRH:0
end_of_record
TN:
SF:models\question.js
FN:5,(anonymous_0)
FN:12,(anonymous_1)
FNF:2
FNH:2
FNDA:1,(anonymous_0)
FNDA:1,(anonymous_1)
DA:4,1
DA:5,1
DA:16,1
DA:49,1
LF:4
LH:4
BRF:0
BRH:0
end_of_record
TN:
SF:models\quiz.js
FN:5,(anonymous_0)
FN:12,(anonymous_1)
FNF:2
FNH:2
FNDA:1,(anonymous_0)
FNDA:1,(anonymous_1)
DA:4,1
DA:5,1
DA:16,1
DA:31,1
LF:4
LH:4
BRF:0
BRH:0
end_of_record
TN:
SF:models\score.js
FN:6,(anonymous_0)
FN:13,(anonymous_1)
FNF:2
FNH:2
FNDA:1,(anonymous_0)
FNDA:1,(anonymous_1)
DA:4,1
DA:5,1
DA:6,1
DA:17,1
DA:27,1
LF:5
LH:5
BRF:0
BRH:0
end_of_record
TN:
SF:models\student.js
FN:6,(anonymous_0)
FN:13,(anonymous_1)
FN:95,(anonymous_2)
FN:100,(anonymous_3)
FNF:4
FNH:4
FNDA:1,(anonymous_0)
FNDA:1,(anonymous_1)
FNDA:3,(anonymous_2)
FNDA:8,(anonymous_3)
DA:2,1
DA:5,1
DA:6,1
DA:15,1
DA:18,1
DA:96,3
DA:97,3
DA:98,3
DA:101,8
DA:102,8
DA:107,1
LF:11
LH:11
BRDA:101,0,0,8
BRDA:101,0,1,0
BRDA:101,1,0,8
BRDA:101,1,1,0
BRF:4
BRH:2
end_of_record
TN:
SF:models\teacher.js
FN:6,(anonymous_0)
FN:13,(anonymous_1)
FN:94,(anonymous_2)
FN:99,(anonymous_3)
FNF:4
FNH:2
FNDA:1,(anonymous_0)
FNDA:1,(anonymous_1)
FNDA:3,(anonymous_2)
FNDA:8,(anonymous_3)
DA:2,1
DA:5,1
DA:6,1
DA:15,1
DA:18,1
DA:95,3
DA:96,3
DA:97,3
DA:100,8
DA:101,0
DA:106,1
LF:11
LH:6
BRDA:100,0,0,0
BRDA:100,0,1,8
BRDA:100,1,0,8
BRDA:100,1,1,8
BRF:4
BRH:0
end_of_record
TN:
SF:routes\index.js
FNF:0
FNH:0
DA:1,1
DA:2,1
DA:3,1
DA:4,1
DA:5,1
DA:7,1
DA:8,1
DA:9,1
DA:10,1
DA:11,1
DA:12,1
DA:13,1
DA:14,1
DA:16,1
DA:17,1
DA:18,1
DA:19,1
DA:20,1
DA:21,1
DA:25,1
LF:20
LH:20
BRF:0
BRH:0
end_of_record
