TN:
SF:app.js
FNF:0
FNH:0
DA:1,2
DA:2,2
DA:5,2
DA:6,2
DA:7,2
DA:8,2
DA:9,2
DA:10,2
DA:12,2
DA:13,2
DA:14,2
DA:16,2
DA:17,2
DA:19,2
LF:14
LH:14
BRDA:1,0,0,2
BRDA:1,0,1,0
BRF:2
BRH:1
end_of_record
TN:
SF:controllers\Student.js
FN:7,(anonymous_0)
FN:13,(anonymous_1)
FN:19,(anonymous_2)
FN:24,(anonymous_3)
FN:30,(anonymous_4)
FN:51,(anonymous_5)
FN:56,(anonymous_6)
FN:63,(anonymous_7)
FN:69,(anonymous_8)
FN:74,(anonymous_9)
FN:81,(anonymous_10)
FN:87,(anonymous_11)
FN:92,(anonymous_12)
FN:99,(anonymous_13)
FN:105,(anonymous_14)
FN:111,(anonymous_15)
FN:118,(anonymous_16)
FN:124,(anonymous_17)
FN:130,(anonymous_18)
FN:137,(anonymous_19)
FN:144,(anonymous_20)
FN:149,(anonymous_21)
FN:157,(anonymous_22)
FN:162,(anonymous_23)
FNF:24
FNH:9
FNDA:7,(anonymous_0)
FNDA:2,(anonymous_1)
FNDA:5,(anonymous_2)
FNDA:3,(anonymous_3)
FNDA:3,(anonymous_4)
FNDA:2,(anonymous_5)
FNDA:2,(anonymous_6)
FNDA:2,(anonymous_7)
FNDA:2,(anonymous_8)
FNDA:0,(anonymous_9)
FNDA:0,(anonymous_10)
FNDA:0,(anonymous_11)
FNDA:0,(anonymous_12)
FNDA:0,(anonymous_13)
FNDA:0,(anonymous_14)
FNDA:0,(anonymous_15)
FNDA:0,(anonymous_16)
FNDA:0,(anonymous_17)
FNDA:0,(anonymous_18)
FNDA:0,(anonymous_19)
FNDA:0,(anonymous_20)
FNDA:0,(anonymous_21)
FNDA:0,(anonymous_22)
FNDA:0,(anonymous_23)
DA:1,2
DA:2,2
DA:3,2
DA:4,2
DA:8,7
DA:9,7
DA:10,7
DA:14,2
DA:20,5
DA:25,3
DA:27,3
DA:31,3
DA:32,1
DA:34,2
DA:36,2
DA:37,1
DA:39,1
DA:44,1
DA:52,2
DA:57,2
DA:58,2
DA:64,2
DA:65,2
DA:67,0
DA:70,2
DA:75,0
DA:76,0
DA:82,0
DA:83,0
DA:85,0
DA:88,0
DA:93,0
DA:94,0
DA:100,0
DA:101,0
DA:103,0
DA:106,0
DA:112,0
DA:113,0
DA:119,0
DA:120,0
DA:122,0
DA:125,0
DA:131,0
DA:132,0
DA:138,0
DA:139,0
DA:140,0
DA:142,0
DA:145,0
DA:150,0
DA:151,0
DA:152,0
DA:154,0
DA:158,0
DA:163,0
DA:169,2
LF:57
LH:25
BRDA:31,0,0,1
BRDA:31,0,1,2
BRDA:36,1,0,1
BRDA:36,1,1,1
BRDA:64,2,0,2
BRDA:64,2,1,0
BRDA:82,3,0,0
BRDA:82,3,1,0
BRDA:100,4,0,0
BRDA:100,4,1,0
BRDA:119,5,0,0
BRDA:119,5,1,0
BRDA:139,6,0,0
BRDA:139,6,1,0
BRF:14
BRH:5
end_of_record
TN:
SF:controllers\Teacher.js
FN:6,(anonymous_0)
FN:17,(anonymous_1)
FN:20,(anonymous_2)
FN:25,(anonymous_3)
FN:33,(anonymous_4)
FN:53,(anonymous_5)
FN:59,(anonymous_6)
FN:66,(anonymous_7)
FN:69,(anonymous_8)
FN:74,(anonymous_9)
FN:82,(anonymous_10)
FN:85,(anonymous_11)
FN:90,(anonymous_12)
FN:97,(anonymous_13)
FN:100,(anonymous_14)
FN:106,(anonymous_15)
FN:114,(anonymous_16)
FN:117,(anonymous_17)
FN:122,(anonymous_18)
FN:128,(anonymous_19)
FN:131,(anonymous_20)
FN:136,(anonymous_21)
FN:147,(anonymous_22)
FN:154,(anonymous_23)
FN:161,(anonymous_24)
FN:164,(anonymous_25)
FNF:26
FNH:18
FNDA:7,(anonymous_0)
FNDA:1,(anonymous_1)
FNDA:6,(anonymous_2)
FNDA:2,(anonymous_3)
FNDA:2,(anonymous_4)
FNDA:1,(anonymous_5)
FNDA:2,(anonymous_6)
FNDA:1,(anonymous_7)
FNDA:1,(anonymous_8)
FNDA:3,(anonymous_9)
FNDA:1,(anonymous_10)
FNDA:2,(anonymous_11)
FNDA:2,(anonymous_12)
FNDA:1,(anonymous_13)
FNDA:1,(anonymous_14)
FNDA:4,(anonymous_15)
FNDA:1,(anonymous_16)
FNDA:3,(anonymous_17)
FNDA:0,(anonymous_18)
FNDA:0,(anonymous_19)
FNDA:0,(anonymous_20)
FNDA:0,(anonymous_21)
FNDA:0,(anonymous_22)
FNDA:0,(anonymous_23)
FNDA:0,(anonymous_24)
FNDA:0,(anonymous_25)
DA:1,2
DA:2,2
DA:3,2
DA:7,7
DA:8,7
DA:18,1
DA:21,6
DA:26,2
DA:27,2
DA:34,2
DA:35,1
DA:39,1
DA:40,1
DA:41,1
DA:45,1
DA:47,0
DA:54,1
DA:55,1
DA:60,2
DA:61,2
DA:67,1
DA:70,1
DA:75,3
DA:76,3
DA:83,1
DA:86,2
DA:91,2
DA:92,2
DA:98,1
DA:101,1
DA:107,4
DA:108,4
DA:115,1
DA:118,3
DA:123,0
DA:124,0
DA:129,0
DA:132,0
DA:137,0
DA:138,0
DA:139,0
DA:148,0
DA:155,0
DA:162,0
DA:165,0
DA:172,2
LF:46
LH:34
BRDA:34,0,0,1
BRDA:34,0,1,1
BRDA:40,1,0,1
BRDA:40,1,1,0
BRF:4
BRH:3
end_of_record
TN:
SF:middlewares\checkTokenRegisterStudent.js
FN:5,checkTokenRegisterStudent
FN:9,(anonymous_1)
FN:17,(anonymous_2)
FNF:3
FNH:2
FNDA:7,checkTokenRegisterStudent
FNDA:7,(anonymous_1)
FNDA:0,(anonymous_2)
DA:1,2
DA:2,2
DA:3,2
DA:5,2
DA:6,7
DA:7,7
DA:8,7
DA:10,7
DA:11,0
DA:13,7
DA:14,7
DA:18,0
LF:12
LH:10
BRDA:10,0,0,0
BRDA:10,0,1,7
BRF:2
BRH:1
end_of_record
TN:
SF:middlewares\errorHandler.js
FN:1,errorHandler
FNF:1
FNH:1
FNDA:23,errorHandler
DA:1,2
DA:2,23
DA:3,23
DA:4,23
DA:5,23
DA:7,17
DA:8,17
DA:9,17
DA:11,1
DA:12,1
DA:13,1
DA:15,0
DA:16,0
DA:17,0
DA:20,1
DA:21,1
DA:22,1
DA:27,4
DA:28,4
DA:29,4
DA:32,0
DA:33,0
DA:34,0
DA:37,23
LF:24
LH:18
BRDA:5,0,0,17
BRDA:5,0,1,1
BRDA:5,0,2,0
BRDA:5,0,3,0
BRDA:5,0,4,1
BRDA:5,0,5,0
BRDA:5,0,6,0
BRDA:5,0,7,4
BRDA:5,0,8,4
BRDA:5,0,9,0
BRF:10
BRH:5
end_of_record
TN:
SF:middlewares\getScore.js
FN:3,getScore
FN:8,(anonymous_1)
FN:17,(anonymous_2)
FNF:3
FNH:0
FNDA:0,getScore
FNDA:0,(anonymous_1)
FNDA:0,(anonymous_2)
DA:1,2
DA:3,2
DA:4,0
DA:5,0
DA:7,0
DA:9,0
DA:10,0
DA:11,0
DA:13,0
DA:14,0
DA:18,0
LF:11
LH:2
BRDA:9,0,0,0
BRDA:9,0,1,0
BRF:2
BRH:0
end_of_record
TN:
SF:models\course.js
FN:5,(anonymous_0)
FN:12,(anonymous_1)
FNF:2
FNH:2
FNDA:2,(anonymous_0)
FNDA:2,(anonymous_1)
DA:4,2
DA:5,2
DA:16,2
DA:40,2
LF:4
LH:4
BRF:0
BRH:0
end_of_record
TN:
SF:models\index.js
FN:20,(anonymous_0)
FN:23,(anonymous_1)
FN:28,(anonymous_2)
FNF:3
FNH:3
FNDA:16,(anonymous_0)
FNDA:14,(anonymous_1)
FNDA:14,(anonymous_2)
DA:3,2
DA:4,2
DA:5,2
DA:6,2
DA:7,2
DA:8,2
DA:9,2
DA:12,2
DA:13,0
DA:15,2
DA:18,2
DA:21,16
DA:24,14
DA:25,14
DA:28,2
DA:29,14
DA:30,14
DA:34,2
DA:35,2
DA:37,2
LF:20
LH:19
BRDA:7,0,0,2
BRDA:7,0,1,0
BRDA:12,1,0,0
BRDA:12,1,1,2
BRDA:21,2,0,16
BRDA:21,2,1,16
BRDA:21,2,2,14
BRDA:29,3,0,14
BRDA:29,3,1,0
BRF:9
BRH:6
end_of_record
TN:
SF:models\lesson.js
FN:5,(anonymous_0)
FN:12,(anonymous_1)
FNF:2
FNH:2
FNDA:2,(anonymous_0)
FNDA:2,(anonymous_1)
DA:4,2
DA:5,2
DA:16,2
DA:31,2
LF:4
LH:4
BRF:0
BRH:0
end_of_record
TN:
SF:models\question.js
FN:5,(anonymous_0)
FN:12,(anonymous_1)
FNF:2
FNH:2
FNDA:2,(anonymous_0)
FNDA:2,(anonymous_1)
DA:4,2
DA:5,2
DA:16,2
DA:49,2
LF:4
LH:4
BRF:0
BRH:0
end_of_record
TN:
SF:models\quiz.js
FN:5,(anonymous_0)
FN:12,(anonymous_1)
FNF:2
FNH:2
FNDA:2,(anonymous_0)
FNDA:2,(anonymous_1)
DA:4,2
DA:5,2
DA:16,2
DA:31,2
LF:4
LH:4
BRF:0
BRH:0
end_of_record
TN:
SF:models\score.js
FN:6,(anonymous_0)
FN:13,(anonymous_1)
FNF:2
FNH:2
FNDA:2,(anonymous_0)
FNDA:2,(anonymous_1)
DA:4,2
DA:5,2
DA:6,2
DA:18,2
DA:28,2
LF:5
LH:5
BRF:0
BRH:0
end_of_record
TN:
SF:models\student.js
FN:6,(anonymous_0)
FN:13,(anonymous_1)
FN:99,(anonymous_2)
FN:104,(anonymous_3)
FNF:4
FNH:4
FNDA:2,(anonymous_0)
FNDA:2,(anonymous_1)
FNDA:3,(anonymous_2)
FNDA:8,(anonymous_3)
DA:2,2
DA:5,2
DA:6,2
DA:22,2
DA:100,3
DA:101,3
DA:102,3
DA:105,8
DA:106,8
DA:111,2
LF:10
LH:10
BRDA:105,0,0,8
BRDA:105,0,1,0
BRDA:105,1,0,8
BRDA:105,1,1,0
BRF:4
BRH:2
end_of_record
TN:
SF:models\teacher.js
FN:6,(anonymous_0)
FN:13,(anonymous_1)
FN:97,(anonymous_2)
FN:102,(anonymous_3)
FNF:4
FNH:4
FNDA:2,(anonymous_0)
FNDA:2,(anonymous_1)
FNDA:4,(anonymous_2)
FNDA:9,(anonymous_3)
DA:2,2
DA:5,2
DA:6,2
DA:21,2
DA:98,4
DA:99,4
DA:100,4
DA:103,9
DA:104,1
DA:109,2
LF:10
LH:10
BRDA:103,0,0,1
BRDA:103,0,1,8
BRDA:103,1,0,9
BRDA:103,1,1,8
BRF:4
BRH:4
end_of_record
TN:
SF:routes\index.js
FNF:0
FNH:0
DA:1,2
DA:2,2
DA:3,2
DA:4,2
DA:5,2
DA:6,2
DA:8,2
DA:9,2
DA:10,2
DA:11,2
DA:12,2
DA:13,2
DA:14,2
DA:15,2
DA:17,2
DA:18,2
DA:19,2
DA:20,2
DA:21,2
DA:22,2
DA:26,2
LF:21
LH:21
BRF:0
BRH:0
end_of_record
